<?xml version="1.0" encoding="UTF-8"?>
<testng-results skipped="0" failed="0" ignored="0" total="2" passed="2">
  <reporter-output>
  </reporter-output>
  <suite name="Default suite" duration-ms="60" started-at="2020-12-31T12:36:07 IST" finished-at="2020-12-31T12:36:07 IST">
    <groups>
    </groups>
    <test name="Default test" duration-ms="60" started-at="2020-12-31T12:36:07 IST" finished-at="2020-12-31T12:36:07 IST">
      <class name="newExmaple.dataproviderMethos">
        <test-method status="PASS" signature="testDiff(int, int, int)[pri:0, instance:newExmaple.dataproviderMethos@1bf4b8b]" name="testDiff" duration-ms="11" started-at="2020-12-31T12:36:07 IST" data-provider="maths" finished-at="2020-12-31T12:36:07 IST">
          <params>
            <param index="0">
              <value>
                <![CDATA[4]]>
              </value>
            </param>
            <param index="1">
              <value>
                <![CDATA[3]]>
              </value>
            </param>
            <param index="2">
              <value>
                <![CDATA[1]]>
              </value>
            </param>
          </params>
          <reporter-output>
          </reporter-output>
        </test-method> <!-- testDiff -->
        <test-method status="PASS" signature="testSum(int, int, int)[pri:0, instance:newExmaple.dataproviderMethos@1bf4b8b]" name="testSum" duration-ms="0" started-at="2020-12-31T12:36:07 IST" data-provider="maths" finished-at="2020-12-31T12:36:07 IST">
          <params>
            <param index="0">
              <value>
                <![CDATA[2]]>
              </value>
            </param>
            <param index="1">
              <value>
                <![CDATA[3]]>
              </value>
            </param>
            <param index="2">
              <value>
                <![CDATA[5]]>
              </value>
            </param>
          </params>
          <reporter-output>
          </reporter-output>
        </test-method> <!-- testSum -->
      </class> <!-- newExmaple.dataproviderMethos -->
    </test> <!-- Default test -->
  </suite> <!-- Default suite -->
</testng-results>
